Arguments: 
  C:\Program Files\nodejs\node.exe C:\Program Files (x86)\Yarn\bin\yarn.js

PATH: 
  C:\WINDOWS\system32;C:\WINDOWS;C:\WINDOWS\System32\Wbem;C:\WINDOWS\System32\WindowsPowerShell\v1.0\;C:\WINDOWS\System32\OpenSSH\;C:\Program Files\MongoDB\Server\4.4\bin;C:\Program Files\Git\cmd;C:\Program Files (x86)\Yarn\bin\;C:\Program Files (x86)\NetSarang\Xmanager 7\;C:\Program Files (x86)\NetSarang\Xshell 7\;C:\Program Files (x86)\NetSarang\Xftp 7\;C:\Program Files (x86)\NetSarang\Xlpd 7\;C:\Users\A\AppData\Roaming\nvm;C:\Program Files\nodejs;C:\Users\A\.cargo\bin;C:\Program Files\Microsoft SQL Server\150\Tools\Binn\;C:\Program Files\PuTTY\;C:\Users\A\.cargo\bin;C:\Users\A\AppData\Local\Microsoft\WindowsApps;C:\Users\A\AppData\Roaming\npm;C:\Users\A\AppData\Local\Yarn\bin;C:\Program Files\heroku\bin;C:\Users\A\AppData\Roaming\nvm;C:\Program Files\nodejs;C:\Users\A\AppData\Local\Programs\Microsoft VS Code\bin;

Yarn version: 
  1.22.4

Node version: 
  14.17.3

Platform: 
  win32 x64

Trace: 
  Error: https://registry.yarnpkg.com/hardhat/-/hardhat-2.10.1.tgz: ESOCKETTIMEDOUT
      at ClientRequest.<anonymous> (C:\Program Files (x86)\Yarn\lib\cli.js:141375:19)
      at Object.onceWrapper (events.js:481:28)
      at ClientRequest.emit (events.js:375:28)
      at TLSSocket.emitRequestTimeout (_http_client.js:790:9)
      at Object.onceWrapper (events.js:481:28)
      at TLSSocket.emit (events.js:387:35)
      at TLSSocket.Socket._onTimeout (net.js:484:8)
      at listOnTimeout (internal/timers.js:557:17)
      at processTimers (internal/timers.js:500:7)

npm manifest: 
  {
      "name": "hadhat",
      "version": "1.0.0",
      "description": "",
      "main": "index.js",
      "dependencies": {
          "@openzeppelin/contracts": "^4.5.0",
          "bs58": "^5.0.0",
          "dotenv": "^10.0.0",
          "fs": "0.0.1-security",
          "hardhat": "^2.6.1",
          "ipfs-api": "^26.1.2",
          "ipfs-http-client": "^56.0.1",
          "nodemon": "^2.0.15"
      },
      "devDependencies": {
          "@nomiclabs/hardhat-ethers": "^2.0.2",
          "@nomiclabs/hardhat-etherscan": "^2.1.5",
          "@nomiclabs/hardhat-waffle": "^2.0.1",
          "chai": "^4.3.4",
          "ethereum-waffle": "^3.4.0",
          "ethers": "^5.4.5"
      },
      "scripts": {
          "test": "npx hardhat test",
          "deploy": "npx hardhat run --network fantom_test  scripts/deploy.js",
          "deploy_fantom": "npx hardhat run --network fantom  scripts/deploy.js",
          "deploy_icicb": "npx hardhat run --network ICICB scripts/deploy.js",
          "deploy_icicbtest": "npx hardhat run --network ICICBtestnet scripts/deploy.js",
          "deploy_local": "npx hardhat run --network localhost  scripts/deploy.js",
          "deploy_ganache": "npx hardhat run --network ganache  scripts/deploy.js",
          "checkBalance": "npx hardhat check-balance --network fantom_test",
          "deploy_image": "node scripts/ipfs/upload_ipfs_image.js",
          "deploy_metadata": "node scripts/ipfs/upload_metadata.js"
      },
      "author": "",
      "license": "ISC"
  }

yarn manifest: 
  No manifest

Lockfile: 
  No lockfile
